<?xml version="1.0" encoding="UTF-8"?>
<!-- Generated by org.testng.reporters.JUnitReportReporter -->
<testsuite skipped="1" hostname="DESKTOP-GK8T59G" name="selenium.testng_" tests="4" failures="0" timestamp="30 Nov 2021 05:15:19 GMT" time="0.025" errors="0">
  <testcase name="createProject" time="0.013" classname="selenium.testng_"/>
  <testcase name="createCustomer" time="0.010" classname="selenium.testng_"/>
  <testcase name="deleteProject" time="0.002" classname="selenium.testng_"/>
  <testcase name="deleteCustomer" classname="selenium.testng_">
    <skipped/>
  </testcase> <!-- deleteCustomer -->
</testsuite> <!-- selenium.testng_ -->
