<?xml version="1.0" encoding="UTF-8"?>
<!-- Generated by org.testng.reporters.JUnitReportReporter -->
<testsuite skipped="0" hostname="DESKTOP-GK8T59G" name="selenium.testng_dataprovider" tests="3" failures="0" timestamp="30 Nov 2021 07:42:08 GMT" time="0.018" errors="0">
  <testcase name="userDetails" time="0.003" classname="selenium.testng_dataprovider"/>
  <testcase name="userDetails" time="0.011" classname="selenium.testng_dataprovider"/>
  <testcase name="userDetails" time="0.004" classname="selenium.testng_dataprovider"/>
</testsuite> <!-- selenium.testng_dataprovider -->
