<?xml version="1.0" encoding="UTF-8"?>
<!-- Generated by org.testng.reporters.JUnitReportReporter -->
<testsuite skipped="0" hostname="DESKTOP-GK8T59G" name="selenium.demo_testng" tests="4" failures="0" timestamp="30 Nov 2021 04:56:40 GMT" time="0.019" errors="0">
  <testcase name="B" time="0.004" classname="selenium.demo_testng"/>
  <testcase name="A" time="0.011" classname="selenium.demo_testng"/>
  <testcase name="B" time="0.002" classname="selenium.demo_testng"/>
  <testcase name="B" time="0.002" classname="selenium.demo_testng"/>
</testsuite> <!-- selenium.demo_testng -->
